[12Apr2025 00:10:35.712] [Server thread/WARN] [net.minecraft.server.network.ServerGamePacketListenerImpl/]: Flancito0_ moved too quickly! 8.616180944884945,2.8031115261501327,5.035773979545581
[12Apr2025 00:11:46.641] [Server thread/WARN] [net.minecraft.nbt.NbtUtils/]: Unable to read property: instrument with value: piglin for blockstate: {Name:"minecraft:note_block",Properties:{instrument:"piglin",note:"8",powered:"false"}}
[12Apr2025 00:11:46.641] [Server thread/WARN] [net.minecraft.nbt.NbtUtils/]: Unable to read property: instrument with value: piglin for blockstate: {Name:"minecraft:note_block",Properties:{instrument:"piglin",note:"5",powered:"false"}}
[12Apr2025 00:11:46.654] [Server thread/WARN] [net.minecraft.nbt.NbtUtils/]: Unable to read property: instrument with value: creeper for blockstate: {Name:"minecraft:note_block",Properties:{instrument:"creeper",note:"12",powered:"false"}}
[12Apr2025 00:12:35.821] [Server thread/INFO] [net.minecraft.server.MinecraftServer/]: [Flancito0_: Teleported Flancito0_ to 2140.500000, 139.500000, -887.500000]
[12Apr2025 00:17:04.457] [Server thread/INFO] [net.minecraft.server.MinecraftServer/]: [Flancito0_: Teleported Flancito0_ to 2208.500000, 84.500000, -195.500000]
[12Apr2025 00:18:32.740] [Server thread/INFO] [net.minecraft.server.MinecraftServer/]: [Flancito0_: Teleported Flancito0_ to 2140.500000, 139.500000, -887.500000]
[12Apr2025 00:28:45.232] [Server thread/INFO] [net.minecraft.server.network.ServerGamePacketListenerImpl/]: Flancito0_ lost connection: Disconnected
[12Apr2025 00:28:45.232] [Server thread/INFO] [net.minecraft.server.MinecraftServer/]: Flancito0_ left the game
[12Apr2025 00:28:58.783] [Server thread/INFO] [net.minecraft.server.MinecraftServer/]: Stopping the server
[12Apr2025 00:28:58.826] [Server thread/INFO] [net.minecraft.server.MinecraftServer/]: Stopping server
[12Apr2025 00:28:58.826] [Server thread/INFO] [net.minecraft.server.MinecraftServer/]: Saving players
[12Apr2025 00:28:58.827] [Server thread/INFO] [net.minecraft.server.MinecraftServer/]: Saving worlds
[12Apr2025 00:29:00.235] [Server thread/INFO] [net.minecraft.server.MinecraftServer/]: Saving chunks for level 'ServerLevel[world]'/minecraft:overworld
[12Apr2025 00:29:00.377] [Server thread/INFO] [net.minecraft.server.MinecraftServer/]: Saving chunks for level 'ServerLevel[world]'/minecraft:the_end
[12Apr2025 00:29:00.378] [Server thread/INFO] [net.minecraft.server.MinecraftServer/]: Saving chunks for level 'ServerLevel[world]'/minecraft:the_nether
[12Apr2025 00:29:00.424] [Server thread/INFO] [net.minecraft.server.MinecraftServer/]: ThreadedAnvilChunkStorage (world): All chunks are saved
[12Apr2025 00:29:00.424] [Server thread/INFO] [net.minecraft.server.MinecraftServer/]: ThreadedAnvilChunkStorage (DIM1): All chunks are saved
[12Apr2025 00:29:00.424] [Server thread/INFO] [net.minecraft.server.MinecraftServer/]: ThreadedAnvilChunkStorage (DIM-1): All chunks are saved
[12Apr2025 00:29:00.424] [Server thread/INFO] [net.minecraft.server.MinecraftServer/]: ThreadedAnvilChunkStorage: All dimensions are saved
